23:12:18.167 INFO  Bean 'org.springframework.cloud.autoconfigure.ConfigurationPropertiesRebinderAutoConfiguration' of type [org.springframework.cloud.autoconfigure.ConfigurationPropertiesRebinderAutoConfiguration$$EnhancerBySpringCGLIB$$a2bb5aa8] is not eligible for getting processed by all BeanPostProcessors (for example: not eligible for auto-proxying)
23:12:21.259 INFO  No active profile set, falling back to default profiles: default
23:12:23.726 INFO  Bootstrapping Spring Data repositories in DEFAULT mode.
23:12:23.766 INFO  Finished Spring Data repository scanning in 22ms. Found 0 repository interfaces.
23:12:24.078 WARN  Endpoint ID 'service-registry' contains invalid characters, please migrate to a valid format.
23:12:24.214 WARN  Endpoint ID 'hystrix.stream' contains invalid characters, please migrate to a valid format.
23:12:24.896 INFO  BeanFactory id=d6730022-2cb3-349b-9ddc-3c7e4c71da50
23:12:25.007 INFO  No bean named 'errorChannel' has been explicitly defined. Therefore, a default PublishSubscribeChannel will be created.
23:12:25.025 INFO  No bean named 'taskScheduler' has been explicitly defined. Therefore, a default ThreadPoolTaskScheduler will be created.
23:12:25.041 INFO  No bean named 'integrationHeaderChannelRegistry' has been explicitly defined. Therefore, a default DefaultHeaderChannelRegistry will be created.
23:12:25.157 INFO  Bean 'org.springframework.amqp.rabbit.annotation.RabbitBootstrapConfiguration' of type [org.springframework.amqp.rabbit.annotation.RabbitBootstrapConfiguration$$EnhancerBySpringCGLIB$$4d0d15d9] is not eligible for getting processed by all BeanPostProcessors (for example: not eligible for auto-proxying)
23:12:26.163 INFO  Bean 'org.springframework.transaction.annotation.ProxyTransactionManagementConfiguration' of type [org.springframework.transaction.annotation.ProxyTransactionManagementConfiguration$$EnhancerBySpringCGLIB$$86a157ab] is not eligible for getting processed by all BeanPostProcessors (for example: not eligible for auto-proxying)
23:12:26.244 INFO  Bean 'integrationDisposableAutoCreatedBeans' of type [org.springframework.integration.config.annotation.Disposables] is not eligible for getting processed by all BeanPostProcessors (for example: not eligible for auto-proxying)
23:12:26.349 INFO  Bean 'org.springframework.integration.config.IntegrationManagementConfiguration' of type [org.springframework.integration.config.IntegrationManagementConfiguration$$EnhancerBySpringCGLIB$$f19312da] is not eligible for getting processed by all BeanPostProcessors (for example: not eligible for auto-proxying)
23:12:26.390 INFO  Bean 'org.springframework.boot.autoconfigure.integration.IntegrationAutoConfiguration$IntegrationJmxConfiguration' of type [org.springframework.boot.autoconfigure.integration.IntegrationAutoConfiguration$IntegrationJmxConfiguration$$EnhancerBySpringCGLIB$$cd251dfa] is not eligible for getting processed by all BeanPostProcessors (for example: not eligible for auto-proxying)
23:12:26.421 INFO  Bean 'org.springframework.boot.autoconfigure.jmx.JmxAutoConfiguration' of type [org.springframework.boot.autoconfigure.jmx.JmxAutoConfiguration$$EnhancerBySpringCGLIB$$60cc6c7] is not eligible for getting processed by all BeanPostProcessors (for example: not eligible for auto-proxying)
23:12:26.442 INFO  Bean 'mbeanServer' of type [com.sun.jmx.mbeanserver.JmxMBeanServer] is not eligible for getting processed by all BeanPostProcessors (for example: not eligible for auto-proxying)
23:12:26.555 INFO  Bean 'org.springframework.cloud.autoconfigure.ConfigurationPropertiesRebinderAutoConfiguration' of type [org.springframework.cloud.autoconfigure.ConfigurationPropertiesRebinderAutoConfiguration$$EnhancerBySpringCGLIB$$a2bb5aa8] is not eligible for getting processed by all BeanPostProcessors (for example: not eligible for auto-proxying)
23:12:27.477 INFO  Logging initialized @18088ms to org.eclipse.jetty.util.log.Slf4jLog
23:12:27.763 INFO  Server initialized with port: 8070
23:12:27.769 INFO  jetty-9.4.14.v20181114; built: 2018-11-14T21:20:31.478Z; git: c4550056e785fb5665914545889f21dc136ad9e6; jvm 1.8.0_152-b16
23:12:27.852 INFO  Initializing Spring embedded WebApplicationContext
23:12:27.853 INFO  Root WebApplicationContext: initialization completed in 6544 ms
23:12:28.294 WARN  No URLs will be polled as dynamic configuration sources.
23:12:28.295 INFO  To enable URLs as dynamic configuration sources, define System property archaius.configurationSource.additionalUrls or make config.properties available on classpath.
23:12:28.322 INFO  DynamicPropertyFactory is initialized with configuration sources: com.netflix.config.ConcurrentCompositeConfiguration@75bd28d
23:12:35.365 INFO  Initializing ExecutorService 'taskScheduler'
23:12:36.603 INFO  Registered '/actuator/hystrix.stream' to hystrix.stream-actuator-endpoint
23:12:36.768 INFO  DefaultSessionIdManager workerName=node0
23:12:36.769 INFO  No SessionScavenger set, using defaults
23:12:36.771 INFO  node0 Scavenging every 660000ms
23:12:36.794 INFO  Started o.s.b.w.e.j.JettyEmbeddedWebAppContext@fe08eaf{application,/,[file:///C:/Users/pncrm/AppData/Local/Temp/jetty-docbase.2068624427386182943.8070/, jar:file:/C:/Users/pncrm/.m2/repository/org/webjars/jquery/2.1.1/jquery-2.1.1.jar!/META-INF/resources, jar:file:/C:/Users/pncrm/.m2/repository/org/webjars/d3js/3.4.11/d3js-3.4.11.jar!/META-INF/resources],AVAILABLE}
23:12:36.795 INFO  Started @27406ms
23:12:37.052 INFO  HikariPool-1 - Starting...
23:12:37.476 INFO  HikariPool-1 - Start completed.
23:12:37.617 INFO  HHH000204: Processing PersistenceUnitInfo [
	name: default
	...]
23:12:37.855 INFO  HHH000412: Hibernate Core {5.3.7.Final}
23:12:37.859 INFO  HHH000206: hibernate.properties not found
23:12:38.322 INFO  HCANN000001: Hibernate Commons Annotations {5.0.4.Final}
23:12:38.771 INFO  HHH000400: Using dialect: org.hibernate.dialect.PostgreSQLDialect
23:12:38.834 INFO  HHH000422: Disabling contextual LOB creation as connection was null
23:12:38.865 INFO  HHH000270: Type registration [java.util.UUID] overrides previous : org.hibernate.type.UUIDBinaryType@4e030feb
23:12:41.122 INFO  Initialized JPA EntityManagerFactory for persistence unit 'default'
23:12:41.410 WARN  No URLs will be polled as dynamic configuration sources.
23:12:41.410 INFO  To enable URLs as dynamic configuration sources, define System property archaius.configurationSource.additionalUrls or make config.properties available on classpath.
23:12:42.175 INFO  Initializing ExecutorService 'applicationTaskExecutor'
23:12:42.301 WARN  spring.jpa.open-in-view is enabled by default. Therefore, database queries may be performed during view rendering. Explicitly configure spring.jpa.open-in-view to disable this warning
23:12:47.228 INFO  Exposing 23 endpoint(s) beneath base path '/actuator'
23:12:47.486 INFO  Channel 'application-1.input' has 1 subscriber(s).
23:12:47.730 INFO  Registering MessageChannel output
23:12:47.886 INFO  Registering MessageChannel input
23:12:47.900 INFO  Registering MessageChannel errorChannel
23:12:47.986 INFO  Registering MessageChannel nullChannel
23:12:48.026 INFO  Registering MessageHandler errorLogger
23:12:48.068 INFO  Registering MessageHandler org.springframework.cloud.stream.binding.StreamListenerMessageHandler@7e484bd
23:12:48.114 INFO  Adding {logging-channel-adapter:_org.springframework.integration.errorLogger} as a subscriber to the 'errorChannel' channel
23:12:48.115 INFO  Channel 'application-1.errorChannel' has 1 subscriber(s).
23:12:48.115 INFO  started _org.springframework.integration.errorLogger
23:12:50.448 INFO  Attempting to connect to: [localhost:5672]
23:12:50.497 INFO  Created new connection: rabbitConnectionFactory#38de5daf:0/SimpleConnection@23243bc0 [delegate=amqp://guest@127.0.0.1:5672/, localPort= 2931]
23:12:50.581 INFO  Channel 'application-1.output' has 1 subscriber(s).
23:12:50.608 INFO  Setting initial instance status as: STARTING
23:12:50.715 INFO  Initializing Eureka in region us-east-1
23:12:51.858 INFO  Using JSON encoding codec LegacyJacksonJson
23:12:51.859 INFO  Using JSON decoding codec LegacyJacksonJson
23:12:52.096 INFO  Using XML encoding codec XStreamXml
23:12:52.096 INFO  Using XML decoding codec XStreamXml
23:12:52.385 INFO  Resolving eureka endpoints via configuration
23:12:53.552 INFO  Disable delta property : false
23:12:53.552 INFO  Single vip registry refresh property : null
23:12:53.552 INFO  Force full registry fetch : false
23:12:53.552 INFO  Application is null : false
23:12:53.552 INFO  Registered Applications size is zero : true
23:12:53.552 INFO  Application version is -1: true
23:12:53.552 INFO  Getting all instance registry info from the eureka server
23:12:53.946 INFO  The response status is 200
23:12:53.952 INFO  Starting heartbeat executor: renew interval is: 30
23:12:53.957 INFO  InstanceInfoReplicator onDemand update allowed rate per min is 4
23:12:53.963 INFO  Discovery Client initialized at timestamp 1586182373963 with initial instances count: 2
23:12:53.981 INFO  Registering application PAYMENT-SERVICE with eureka with status UP
23:12:53.983 INFO  Saw local status change event StatusChangeEvent [timestamp=1586182373983, current=UP, previous=STARTING]
23:12:53.987 INFO  DiscoveryClient_PAYMENT-SERVICE/DESKTOP-GKHI4QK:payment-service:8070: registering service...
23:12:54.017 INFO  declaring queue for inbound: orders-out.anonymous.4SNLM67yTeOLWBzpaoqggw, bound to: orders-out
23:12:54.073 INFO  DiscoveryClient_PAYMENT-SERVICE/DESKTOP-GKHI4QK:payment-service:8070 - registration status: 204
23:12:54.097 INFO  Registering MessageChannel orders-out.anonymous.4SNLM67yTeOLWBzpaoqggw.errors
23:12:54.475 INFO  Channel 'application-1.orders-out.anonymous.4SNLM67yTeOLWBzpaoqggw.errors' has 1 subscriber(s).
23:12:54.478 INFO  Channel 'application-1.orders-out.anonymous.4SNLM67yTeOLWBzpaoqggw.errors' has 2 subscriber(s).
23:12:54.540 INFO  started inbound.orders-out.anonymous.4SNLM67yTeOLWBzpaoqggw
23:12:54.597 DEBUG Filter 'requestLoggingFilter' configured for use
23:12:54.603 INFO  Initializing Spring DispatcherServlet 'dispatcherServlet'
23:12:54.603 INFO  Initializing Servlet 'dispatcherServlet'
23:12:54.634 INFO  Completed initialization in 31 ms
23:12:54.672 INFO  Started ServerConnector@647468a7{HTTP/1.1,[http/1.1]}{0.0.0.0:8070}
23:12:54.678 INFO  Jetty started on port(s) 8070 (http/1.1) with context path '/'
23:12:54.680 INFO  Updating port to 8070
23:12:54.683 INFO  Started PaymentApplication in 41.577 seconds (JVM running for 45.294)
23:14:23.996 INFO  I/O exception (org.apache.http.NoHttpResponseException) caught when processing request to {}->http://localhost:8761: The target server failed to respond
23:14:23.998 INFO  Retrying request to {}->http://localhost:8761
23:14:24.835 DEBUG Before request [uri=/actuator/hystrix.stream;headers=[Connection:"keep-alive", User-Agent:"Apache-HttpClient/4.5.6 (Java/1.8.0_152)", Host:"DESKTOP-GKHI4QK:8070"]]
23:14:34.751 INFO  Order received: {"orderId":null,"ordererId":"roopy","orderDtm":null,"totalOrderAmt":3900,"orderStatus":"T","orderDetails":[{"orderDetailIdentity":null,"prodCd":"1000000000","qty":2,"orderAmt":1800,"product":null},{"orderDetailIdentity":null,"prodCd":"1000000003","qty":1,"orderAmt":2100,"product":null}],"payments":[{"paymentIdentity":null,"paymentMethod":"01","paymentAmt":3000,"paymentDtm":null,"biller":"roopy"},{"paymentIdentity":null,"paymentMethod":"02","paymentAmt":900,"paymentDtm":null,"biller":"roopy"}]}
23:14:34.759 INFO  Order processed: {"orderId":null,"ordererId":"roopy","orderDtm":null,"totalOrderAmt":3900,"orderStatus":"T","orderDetails":[{"orderDetailIdentity":null,"prodCd":"1000000000","qty":2,"orderAmt":1800,"product":null},{"orderDetailIdentity":null,"prodCd":"1000000003","qty":1,"orderAmt":2100,"product":null}],"payments":[{"paymentIdentity":null,"paymentMethod":"01","paymentAmt":3000,"paymentDtm":null,"biller":"roopy"},{"paymentIdentity":null,"paymentMethod":"02","paymentAmt":900,"paymentDtm":null,"biller":"roopy"}]}
23:16:27.224 INFO  Application shutdown requested.
23:16:27.225 INFO  Unregistering application PAYMENT-SERVICE with eureka with status DOWN
23:16:27.226 WARN  Saw local status change event StatusChangeEvent [timestamp=1586182587225, current=DOWN, previous=UP]
23:16:27.227 INFO  DiscoveryClient_PAYMENT-SERVICE/DESKTOP-GKHI4QK:payment-service:8070: registering service...
23:16:27.236 INFO  DiscoveryClient_PAYMENT-SERVICE/DESKTOP-GKHI4QK:payment-service:8070 - registration status: 204
23:16:27.298 INFO  Waiting for workers to finish.
23:16:27.988 INFO  Successfully waited for workers to finish.
23:16:27.988 INFO  stopped inbound.orders-out.anonymous.4SNLM67yTeOLWBzpaoqggw
23:16:27.990 INFO  Channel 'application-1.orders-out.anonymous.4SNLM67yTeOLWBzpaoqggw.errors' has 1 subscriber(s).
23:16:27.990 INFO  Channel 'application-1.orders-out.anonymous.4SNLM67yTeOLWBzpaoqggw.errors' has 0 subscriber(s).
23:16:27.995 INFO  Removing {logging-channel-adapter:_org.springframework.integration.errorLogger} as a subscriber to the 'errorChannel' channel
23:16:27.996 INFO  Channel 'application-1.errorChannel' has 0 subscriber(s).
23:16:27.996 INFO  stopped _org.springframework.integration.errorLogger
23:16:28.003 INFO  Shutting down ExecutorService 'applicationTaskExecutor'
23:16:28.019 INFO  Closing JPA EntityManagerFactory for persistence unit 'default'
23:16:28.022 INFO  Shutting down ExecutorService 'taskScheduler'
23:16:28.036 INFO  Summary on shutdown: output
23:16:28.036 INFO  Summary on shutdown: orders-out.anonymous.4SNLM67yTeOLWBzpaoqggw.errors
23:16:28.037 INFO  Summary on shutdown: input
23:16:28.037 INFO  Summary on shutdown: errorChannel
23:16:28.037 INFO  Summary on shutdown: nullChannel
23:16:28.037 INFO  Summary on shutdown: _org.springframework.integration.errorLogger.handler
23:16:28.037 INFO  Summary on shutdown: org.springframework.cloud.stream.binding.StreamListenerMessageHandler@7e484bd
23:16:28.038 INFO  Shutting down DiscoveryClient ...
23:16:31.041 INFO  Unregistering ...
23:16:31.054 INFO  DiscoveryClient_PAYMENT-SERVICE/DESKTOP-GKHI4QK:payment-service:8070 - deregister  status: 200
23:16:31.082 INFO  Completed shut down of DiscoveryClient
23:16:31.083 INFO  HikariPool-1 - Shutdown initiated...
23:16:31.091 INFO  HikariPool-1 - Shutdown completed.
23:16:31.105 INFO  Stopped ServerConnector@647468a7{HTTP/1.1,[http/1.1]}{0.0.0.0:8070}
23:16:31.105 INFO  node0 Stopped scavenging
23:16:31.108 INFO  Destroying Spring FrameworkServlet 'dispatcherServlet'
23:16:31.110 INFO  Stopped o.s.b.w.e.j.JettyEmbeddedWebAppContext@fe08eaf{application,/,[file:///C:/Users/pncrm/AppData/Local/Temp/jetty-docbase.2068624427386182943.8070/, jar:file:/C:/Users/pncrm/.m2/repository/org/webjars/jquery/2.1.1/jquery-2.1.1.jar!/META-INF/resources, jar:file:/C:/Users/pncrm/.m2/repository/org/webjars/d3js/3.4.11/d3js-3.4.11.jar!/META-INF/resources],UNAVAILABLE}
23:16:31.309 DEBUG REQ:uri=/actuator/hystrix.stream;headers=[Connection:"keep-alive", User-Agent:"Apache-HttpClient/4.5.6 (Java/1.8.0_152)", Host:"DESKTOP-GKHI4QK:8070"]]
23:16:31.325 ERROR Uncaught exception thrown
org.eclipse.jetty.io.RuntimeIOException: org.eclipse.jetty.io.EofException
	at org.eclipse.jetty.server.ResponseWriter.isOpen(ResponseWriter.java:133)
	at org.eclipse.jetty.server.ResponseWriter.flush(ResponseWriter.java:146)
	at com.netflix.hystrix.contrib.sample.stream.HystrixSampleSseServlet.handleRequest(HystrixSampleSseServlet.java:168)
	at com.netflix.hystrix.contrib.sample.stream.HystrixSampleSseServlet.doGet(HystrixSampleSseServlet.java:74)
	at javax.servlet.http.HttpServlet.service(HttpServlet.java:645)
	at javax.servlet.http.HttpServlet.service(HttpServlet.java:750)
	at org.eclipse.jetty.servlet.ServletHolder.handle(ServletHolder.java:859)
	at org.eclipse.jetty.servlet.ServletHandler$CachedChain.doFilter(ServletHandler.java:1623)
	at org.eclipse.jetty.websocket.server.WebSocketUpgradeFilter.doFilter(WebSocketUpgradeFilter.java:214)
	at org.eclipse.jetty.servlet.ServletHandler$CachedChain.doFilter(ServletHandler.java:1610)
	at org.springframework.web.filter.AbstractRequestLoggingFilter.doFilterInternal(AbstractRequestLoggingFilter.java:262)
	at org.springframework.web.filter.OncePerRequestFilter.doFilter(OncePerRequestFilter.java:107)
	at org.eclipse.jetty.servlet.ServletHandler$CachedChain.doFilter(ServletHandler.java:1610)
	at org.springframework.boot.actuate.web.trace.servlet.HttpTraceFilter.doFilterInternal(HttpTraceFilter.java:90)
	at org.springframework.web.filter.OncePerRequestFilter.doFilter(OncePerRequestFilter.java:107)
	at org.eclipse.jetty.servlet.ServletHandler$CachedChain.doFilter(ServletHandler.java:1610)
	at org.springframework.web.filter.RequestContextFilter.doFilterInternal(RequestContextFilter.java:99)
	at org.springframework.web.filter.OncePerRequestFilter.doFilter(OncePerRequestFilter.java:107)
	at org.eclipse.jetty.servlet.ServletHandler$CachedChain.doFilter(ServletHandler.java:1610)
	at org.springframework.web.filter.FormContentFilter.doFilterInternal(FormContentFilter.java:92)
	at org.springframework.web.filter.OncePerRequestFilter.doFilter(OncePerRequestFilter.java:107)
	at org.eclipse.jetty.servlet.ServletHandler$CachedChain.doFilter(ServletHandler.java:1610)
	at org.springframework.web.filter.HiddenHttpMethodFilter.doFilterInternal(HiddenHttpMethodFilter.java:93)
	at org.springframework.web.filter.OncePerRequestFilter.doFilter(OncePerRequestFilter.java:107)
	at org.eclipse.jetty.servlet.ServletHandler$CachedChain.doFilter(ServletHandler.java:1610)
	at org.springframework.cloud.sleuth.instrument.web.ExceptionLoggingFilter.doFilter(ExceptionLoggingFilter.java:50)
	at org.eclipse.jetty.servlet.ServletHandler$CachedChain.doFilter(ServletHandler.java:1610)
	at brave.servlet.TracingFilter.doFilter(TracingFilter.java:86)
	at org.eclipse.jetty.servlet.ServletHandler$CachedChain.doFilter(ServletHandler.java:1610)
	at org.springframework.boot.actuate.metrics.web.servlet.WebMvcMetricsFilter.filterAndRecordMetrics(WebMvcMetricsFilter.java:117)
	at org.springframework.boot.actuate.metrics.web.servlet.WebMvcMetricsFilter.doFilterInternal(WebMvcMetricsFilter.java:106)
	at org.springframework.web.filter.OncePerRequestFilter.doFilter(OncePerRequestFilter.java:107)
	at org.eclipse.jetty.servlet.ServletHandler$CachedChain.doFilter(ServletHandler.java:1610)
	at org.springframework.web.filter.CharacterEncodingFilter.doFilterInternal(CharacterEncodingFilter.java:200)
	at org.springframework.web.filter.OncePerRequestFilter.doFilter(OncePerRequestFilter.java:107)
	at org.eclipse.jetty.servlet.ServletHandler$CachedChain.doFilter(ServletHandler.java:1610)
	at org.eclipse.jetty.servlet.ServletHandler.doHandle(ServletHandler.java:540)
	at org.eclipse.jetty.server.handler.ScopedHandler.handle(ScopedHandler.java:146)
	at org.eclipse.jetty.security.SecurityHandler.handle(SecurityHandler.java:548)
	at org.eclipse.jetty.server.handler.HandlerWrapper.handle(HandlerWrapper.java:132)
	at org.eclipse.jetty.server.handler.ScopedHandler.nextHandle(ScopedHandler.java:257)
	at org.eclipse.jetty.server.session.SessionHandler.doHandle(SessionHandler.java:1588)
	at org.eclipse.jetty.server.handler.ScopedHandler.nextHandle(ScopedHandler.java:255)
	at org.eclipse.jetty.server.handler.ContextHandler.doHandle(ContextHandler.java:1345)
	at org.eclipse.jetty.server.handler.ScopedHandler.nextScope(ScopedHandler.java:203)
	at org.eclipse.jetty.servlet.ServletHandler.doScope(ServletHandler.java:480)
	at org.eclipse.jetty.server.session.SessionHandler.doScope(SessionHandler.java:1557)
	at org.eclipse.jetty.server.handler.ScopedHandler.nextScope(ScopedHandler.java:201)
	at org.eclipse.jetty.server.handler.ContextHandler.doScope(ContextHandler.java:1247)
	at org.eclipse.jetty.server.handler.ScopedHandler.handle(ScopedHandler.java:144)
	at org.eclipse.jetty.server.handler.HandlerWrapper.handle(HandlerWrapper.java:132)
	at org.eclipse.jetty.server.Server.handle(Server.java:502)
	at org.eclipse.jetty.server.HttpChannel.handle(HttpChannel.java:364)
	at org.eclipse.jetty.server.HttpConnection.onFillable(HttpConnection.java:260)
	at org.eclipse.jetty.io.AbstractConnection$ReadCallback.succeeded(AbstractConnection.java:305)
	at org.eclipse.jetty.io.FillInterest.fillable(FillInterest.java:103)
	at org.eclipse.jetty.io.ChannelEndPoint$2.run(ChannelEndPoint.java:118)
	at org.eclipse.jetty.util.thread.QueuedThreadPool.runJob(QueuedThreadPool.java:765)
	at org.eclipse.jetty.util.thread.QueuedThreadPool$2.run(QueuedThreadPool.java:683)
	at java.lang.Thread.run(Thread.java:748)
Caused by: org.eclipse.jetty.io.EofException: null
	at org.eclipse.jetty.server.HttpConnection$SendCallback.reset(HttpConnection.java:718)
	at org.eclipse.jetty.server.HttpConnection$SendCallback.access$300(HttpConnection.java:678)
	at org.eclipse.jetty.server.HttpConnection.send(HttpConnection.java:536)
	at org.eclipse.jetty.server.HttpChannel.sendResponse(HttpChannel.java:841)
	at org.eclipse.jetty.server.HttpChannel.write(HttpChannel.java:891)
	at org.eclipse.jetty.server.HttpOutput.write(HttpOutput.java:240)
	at org.eclipse.jetty.server.HttpOutput.write(HttpOutput.java:216)
	at org.eclipse.jetty.server.HttpOutput.flush(HttpOutput.java:398)
	at org.eclipse.jetty.server.HttpWriter.flush(HttpWriter.java:56)
	at org.eclipse.jetty.server.ResponseWriter.flush(ResponseWriter.java:147)
	at java.io.PrintWriter.checkError(PrintWriter.java:357)
	at org.eclipse.jetty.server.ResponseWriter.checkError(ResponseWriter.java:102)
	at com.netflix.hystrix.contrib.sample.stream.HystrixSampleSseServlet.handleRequest(HystrixSampleSseServlet.java:165)
	... 57 common frames omitted
23:16:50.008 INFO  Bean 'org.springframework.cloud.autoconfigure.ConfigurationPropertiesRebinderAutoConfiguration' of type [org.springframework.cloud.autoconfigure.ConfigurationPropertiesRebinderAutoConfiguration$$EnhancerBySpringCGLIB$$cd916150] is not eligible for getting processed by all BeanPostProcessors (for example: not eligible for auto-proxying)
23:16:52.049 INFO  No active profile set, falling back to default profiles: default
23:16:53.790 INFO  Bootstrapping Spring Data repositories in DEFAULT mode.
23:16:53.814 INFO  Finished Spring Data repository scanning in 14ms. Found 0 repository interfaces.
23:16:54.092 WARN  Endpoint ID 'service-registry' contains invalid characters, please migrate to a valid format.
23:16:54.215 WARN  Endpoint ID 'hystrix.stream' contains invalid characters, please migrate to a valid format.
23:16:54.642 INFO  BeanFactory id=d6730022-2cb3-349b-9ddc-3c7e4c71da50
23:16:54.679 INFO  No bean named 'errorChannel' has been explicitly defined. Therefore, a default PublishSubscribeChannel will be created.
23:16:54.688 INFO  No bean named 'taskScheduler' has been explicitly defined. Therefore, a default ThreadPoolTaskScheduler will be created.
23:16:54.697 INFO  No bean named 'integrationHeaderChannelRegistry' has been explicitly defined. Therefore, a default DefaultHeaderChannelRegistry will be created.
23:16:54.732 INFO  Bean 'org.springframework.amqp.rabbit.annotation.RabbitBootstrapConfiguration' of type [org.springframework.amqp.rabbit.annotation.RabbitBootstrapConfiguration$$EnhancerBySpringCGLIB$$77e31c81] is not eligible for getting processed by all BeanPostProcessors (for example: not eligible for auto-proxying)
23:16:55.269 INFO  Bean 'org.springframework.transaction.annotation.ProxyTransactionManagementConfiguration' of type [org.springframework.transaction.annotation.ProxyTransactionManagementConfiguration$$EnhancerBySpringCGLIB$$b1775e53] is not eligible for getting processed by all BeanPostProcessors (for example: not eligible for auto-proxying)
23:16:55.327 INFO  Bean 'integrationDisposableAutoCreatedBeans' of type [org.springframework.integration.config.annotation.Disposables] is not eligible for getting processed by all BeanPostProcessors (for example: not eligible for auto-proxying)
23:16:55.409 INFO  Bean 'org.springframework.integration.config.IntegrationManagementConfiguration' of type [org.springframework.integration.config.IntegrationManagementConfiguration$$EnhancerBySpringCGLIB$$1c691982] is not eligible for getting processed by all BeanPostProcessors (for example: not eligible for auto-proxying)
23:16:55.453 INFO  Bean 'org.springframework.boot.autoconfigure.integration.IntegrationAutoConfiguration$IntegrationJmxConfiguration' of type [org.springframework.boot.autoconfigure.integration.IntegrationAutoConfiguration$IntegrationJmxConfiguration$$EnhancerBySpringCGLIB$$f7fb24a2] is not eligible for getting processed by all BeanPostProcessors (for example: not eligible for auto-proxying)
23:16:55.472 INFO  Bean 'org.springframework.boot.autoconfigure.jmx.JmxAutoConfiguration' of type [org.springframework.boot.autoconfigure.jmx.JmxAutoConfiguration$$EnhancerBySpringCGLIB$$30e2cd6f] is not eligible for getting processed by all BeanPostProcessors (for example: not eligible for auto-proxying)
23:16:55.484 INFO  Bean 'mbeanServer' of type [com.sun.jmx.mbeanserver.JmxMBeanServer] is not eligible for getting processed by all BeanPostProcessors (for example: not eligible for auto-proxying)
23:16:55.573 INFO  Bean 'org.springframework.cloud.autoconfigure.ConfigurationPropertiesRebinderAutoConfiguration' of type [org.springframework.cloud.autoconfigure.ConfigurationPropertiesRebinderAutoConfiguration$$EnhancerBySpringCGLIB$$cd916150] is not eligible for getting processed by all BeanPostProcessors (for example: not eligible for auto-proxying)
23:16:56.165 INFO  Logging initialized @11743ms to org.eclipse.jetty.util.log.Slf4jLog
23:16:56.377 INFO  Server initialized with port: 8070
23:16:56.387 INFO  jetty-9.4.14.v20181114; built: 2018-11-14T21:20:31.478Z; git: c4550056e785fb5665914545889f21dc136ad9e6; jvm 1.8.0_152-b16
23:16:56.448 INFO  Initializing Spring embedded WebApplicationContext
23:16:56.448 INFO  Root WebApplicationContext: initialization completed in 4373 ms
23:16:56.749 WARN  No URLs will be polled as dynamic configuration sources.
23:16:56.749 INFO  To enable URLs as dynamic configuration sources, define System property archaius.configurationSource.additionalUrls or make config.properties available on classpath.
23:16:56.765 INFO  DynamicPropertyFactory is initialized with configuration sources: com.netflix.config.ConcurrentCompositeConfiguration@4fb57fb3
23:17:01.170 INFO  Initializing ExecutorService 'taskScheduler'
23:17:02.128 INFO  Registered '/actuator/hystrix.stream' to hystrix.stream-actuator-endpoint
23:17:02.214 INFO  DefaultSessionIdManager workerName=node0
23:17:02.214 INFO  No SessionScavenger set, using defaults
23:17:02.215 INFO  node0 Scavenging every 600000ms
23:17:02.224 INFO  Started o.s.b.w.e.j.JettyEmbeddedWebAppContext@135064ea{application,/,[file:///C:/Users/pncrm/AppData/Local/Temp/jetty-docbase.8270349014548497077.8070/, jar:file:/C:/Users/pncrm/.m2/repository/org/webjars/jquery/2.1.1/jquery-2.1.1.jar!/META-INF/resources, jar:file:/C:/Users/pncrm/.m2/repository/org/webjars/d3js/3.4.11/d3js-3.4.11.jar!/META-INF/resources],AVAILABLE}
23:17:02.225 INFO  Started @17803ms
23:17:02.472 INFO  HikariPool-1 - Starting...
23:17:02.807 INFO  HikariPool-1 - Start completed.
23:17:02.909 INFO  HHH000204: Processing PersistenceUnitInfo [
	name: default
	...]
23:17:03.079 INFO  HHH000412: Hibernate Core {5.3.7.Final}
23:17:03.083 INFO  HHH000206: hibernate.properties not found
23:17:03.463 INFO  HCANN000001: Hibernate Commons Annotations {5.0.4.Final}
23:17:03.748 INFO  HHH000400: Using dialect: org.hibernate.dialect.PostgreSQLDialect
23:17:03.788 INFO  HHH000422: Disabling contextual LOB creation as connection was null
23:17:03.801 INFO  HHH000270: Type registration [java.util.UUID] overrides previous : org.hibernate.type.UUIDBinaryType@18ca9277
23:17:05.414 INFO  Initialized JPA EntityManagerFactory for persistence unit 'default'
23:17:05.691 WARN  No URLs will be polled as dynamic configuration sources.
23:17:05.692 INFO  To enable URLs as dynamic configuration sources, define System property archaius.configurationSource.additionalUrls or make config.properties available on classpath.
23:17:06.175 INFO  Initializing ExecutorService 'applicationTaskExecutor'
23:17:06.263 WARN  spring.jpa.open-in-view is enabled by default. Therefore, database queries may be performed during view rendering. Explicitly configure spring.jpa.open-in-view to disable this warning
23:17:10.485 INFO  Exposing 23 endpoint(s) beneath base path '/actuator'
23:17:10.872 INFO  Channel 'application-1.input' has 1 subscriber(s).
23:17:11.078 INFO  Registering MessageChannel errorChannel
23:17:11.218 INFO  Registering MessageChannel nullChannel
23:17:11.243 INFO  Registering MessageChannel output
23:17:11.320 INFO  Registering MessageChannel input
23:17:11.352 INFO  Registering MessageHandler org.springframework.cloud.stream.binding.StreamListenerMessageHandler@2b0d818d
23:17:11.392 INFO  Registering MessageHandler errorLogger
23:17:11.444 INFO  Adding {logging-channel-adapter:_org.springframework.integration.errorLogger} as a subscriber to the 'errorChannel' channel
23:17:11.444 INFO  Channel 'application-1.errorChannel' has 1 subscriber(s).
23:17:11.444 INFO  started _org.springframework.integration.errorLogger
23:17:13.629 INFO  Attempting to connect to: [localhost:5672]
23:17:13.679 INFO  Created new connection: rabbitConnectionFactory#539316bb:0/SimpleConnection@38affd02 [delegate=amqp://guest@127.0.0.1:5672/, localPort= 3229]
23:17:13.763 INFO  Channel 'application-1.output' has 1 subscriber(s).
23:17:13.787 INFO  Setting initial instance status as: STARTING
23:17:13.858 INFO  Initializing Eureka in region us-east-1
23:17:14.974 INFO  Using JSON encoding codec LegacyJacksonJson
23:17:14.974 INFO  Using JSON decoding codec LegacyJacksonJson
23:17:15.186 INFO  Using XML encoding codec XStreamXml
23:17:15.186 INFO  Using XML decoding codec XStreamXml
23:17:15.589 INFO  Resolving eureka endpoints via configuration
23:17:16.722 INFO  Disable delta property : false
23:17:16.723 INFO  Single vip registry refresh property : null
23:17:16.723 INFO  Force full registry fetch : false
23:17:16.723 INFO  Application is null : false
23:17:16.723 INFO  Registered Applications size is zero : true
23:17:16.723 INFO  Application version is -1: true
23:17:16.723 INFO  Getting all instance registry info from the eureka server
23:17:17.138 INFO  The response status is 200
23:17:17.142 INFO  Starting heartbeat executor: renew interval is: 30
23:17:17.148 INFO  InstanceInfoReplicator onDemand update allowed rate per min is 4
23:17:17.153 INFO  Discovery Client initialized at timestamp 1586182637152 with initial instances count: 2
23:17:17.167 INFO  Registering application PAYMENT-SERVICE with eureka with status UP
23:17:17.169 INFO  Saw local status change event StatusChangeEvent [timestamp=1586182637168, current=UP, previous=STARTING]
23:17:17.173 INFO  DiscoveryClient_PAYMENT-SERVICE/DESKTOP-GKHI4QK:payment-service:8070: registering service...
23:17:17.204 INFO  declaring queue for inbound: orders-out.anonymous.7_slpYiUSFaRGJIo-c1AHg, bound to: orders-out
23:17:17.246 INFO  DiscoveryClient_PAYMENT-SERVICE/DESKTOP-GKHI4QK:payment-service:8070 - registration status: 204
23:17:17.267 INFO  Registering MessageChannel orders-out.anonymous.7_slpYiUSFaRGJIo-c1AHg.errors
23:17:17.624 INFO  Channel 'application-1.orders-out.anonymous.7_slpYiUSFaRGJIo-c1AHg.errors' has 1 subscriber(s).
23:17:17.626 INFO  Channel 'application-1.orders-out.anonymous.7_slpYiUSFaRGJIo-c1AHg.errors' has 2 subscriber(s).
23:17:17.706 INFO  started inbound.orders-out.anonymous.7_slpYiUSFaRGJIo-c1AHg
23:17:17.818 DEBUG Filter 'requestLoggingFilter' configured for use
23:17:17.841 INFO  Initializing Spring DispatcherServlet 'dispatcherServlet'
23:17:17.841 INFO  Initializing Servlet 'dispatcherServlet'
23:17:17.911 INFO  Completed initialization in 69 ms
23:17:17.961 INFO  Started ServerConnector@7f39bcb5{HTTP/1.1,[http/1.1]}{0.0.0.0:8070}
23:17:17.970 INFO  Jetty started on port(s) 8070 (http/1.1) with context path '/'
23:17:17.972 INFO  Updating port to 8070
23:17:17.975 INFO  Started PaymentApplication in 31.092 seconds (JVM running for 33.553)
23:17:18.421 DEBUG Before request [uri=/actuator/hystrix.stream;headers=[Connection:"keep-alive", User-Agent:"Apache-HttpClient/4.5.6 (Java/1.8.0_152)", Host:"DESKTOP-GKHI4QK:8070"]]
23:17:21.655 INFO  Order received: {
  "orderId" : null,
  "ordererId" : "roopy",
  "orderDtm" : null,
  "totalOrderAmt" : 3900,
  "orderStatus" : "T",
  "orderDetails" : [ {
    "orderDetailIdentity" : null,
    "prodCd" : "1000000000",
    "qty" : 2,
    "orderAmt" : 1800,
    "product" : null
  }, {
    "orderDetailIdentity" : null,
    "prodCd" : "1000000003",
    "qty" : 1,
    "orderAmt" : 2100,
    "product" : null
  } ],
  "payments" : [ {
    "paymentIdentity" : null,
    "paymentMethod" : "01",
    "paymentAmt" : 3000,
    "paymentDtm" : null,
    "biller" : "roopy"
  }, {
    "paymentIdentity" : null,
    "paymentMethod" : "02",
    "paymentAmt" : 900,
    "paymentDtm" : null,
    "biller" : "roopy"
  } ]
}
23:17:21.672 INFO  Order processed: {"orderId":null,"ordererId":"roopy","orderDtm":null,"totalOrderAmt":3900,"orderStatus":"T","orderDetails":[{"orderDetailIdentity":null,"prodCd":"1000000000","qty":2,"orderAmt":1800,"product":null},{"orderDetailIdentity":null,"prodCd":"1000000003","qty":1,"orderAmt":2100,"product":null}],"payments":[{"paymentIdentity":null,"paymentMethod":"01","paymentAmt":3000,"paymentDtm":null,"biller":"roopy"},{"paymentIdentity":null,"paymentMethod":"02","paymentAmt":900,"paymentDtm":null,"biller":"roopy"}]}
23:17:26.031 DEBUG REQ:uri=/actuator/hystrix.stream;headers=[Connection:"keep-alive", User-Agent:"Apache-HttpClient/4.5.6 (Java/1.8.0_152)", Host:"DESKTOP-GKHI4QK:8070"]]
23:17:26.047 ERROR Uncaught exception thrown
org.eclipse.jetty.io.RuntimeIOException: org.eclipse.jetty.io.EofException
	at org.eclipse.jetty.server.ResponseWriter.isOpen(ResponseWriter.java:133)
	at org.eclipse.jetty.server.ResponseWriter.flush(ResponseWriter.java:146)
	at com.netflix.hystrix.contrib.sample.stream.HystrixSampleSseServlet.handleRequest(HystrixSampleSseServlet.java:168)
	at com.netflix.hystrix.contrib.sample.stream.HystrixSampleSseServlet.doGet(HystrixSampleSseServlet.java:74)
	at javax.servlet.http.HttpServlet.service(HttpServlet.java:645)
	at javax.servlet.http.HttpServlet.service(HttpServlet.java:750)
	at org.eclipse.jetty.servlet.ServletHolder.handle(ServletHolder.java:859)
	at org.eclipse.jetty.servlet.ServletHandler$CachedChain.doFilter(ServletHandler.java:1623)
	at org.eclipse.jetty.websocket.server.WebSocketUpgradeFilter.doFilter(WebSocketUpgradeFilter.java:214)
	at org.eclipse.jetty.servlet.ServletHandler$CachedChain.doFilter(ServletHandler.java:1610)
	at org.springframework.web.filter.AbstractRequestLoggingFilter.doFilterInternal(AbstractRequestLoggingFilter.java:262)
	at org.springframework.web.filter.OncePerRequestFilter.doFilter(OncePerRequestFilter.java:107)
	at org.eclipse.jetty.servlet.ServletHandler$CachedChain.doFilter(ServletHandler.java:1610)
	at org.springframework.boot.actuate.web.trace.servlet.HttpTraceFilter.doFilterInternal(HttpTraceFilter.java:90)
	at org.springframework.web.filter.OncePerRequestFilter.doFilter(OncePerRequestFilter.java:107)
	at org.eclipse.jetty.servlet.ServletHandler$CachedChain.doFilter(ServletHandler.java:1610)
	at org.springframework.web.filter.RequestContextFilter.doFilterInternal(RequestContextFilter.java:99)
	at org.springframework.web.filter.OncePerRequestFilter.doFilter(OncePerRequestFilter.java:107)
	at org.eclipse.jetty.servlet.ServletHandler$CachedChain.doFilter(ServletHandler.java:1610)
	at org.springframework.web.filter.FormContentFilter.doFilterInternal(FormContentFilter.java:92)
	at org.springframework.web.filter.OncePerRequestFilter.doFilter(OncePerRequestFilter.java:107)
	at org.eclipse.jetty.servlet.ServletHandler$CachedChain.doFilter(ServletHandler.java:1610)
	at org.springframework.web.filter.HiddenHttpMethodFilter.doFilterInternal(HiddenHttpMethodFilter.java:93)
	at org.springframework.web.filter.OncePerRequestFilter.doFilter(OncePerRequestFilter.java:107)
	at org.eclipse.jetty.servlet.ServletHandler$CachedChain.doFilter(ServletHandler.java:1610)
	at org.springframework.cloud.sleuth.instrument.web.ExceptionLoggingFilter.doFilter(ExceptionLoggingFilter.java:50)
	at org.eclipse.jetty.servlet.ServletHandler$CachedChain.doFilter(ServletHandler.java:1610)
	at brave.servlet.TracingFilter.doFilter(TracingFilter.java:86)
	at org.eclipse.jetty.servlet.ServletHandler$CachedChain.doFilter(ServletHandler.java:1610)
	at org.springframework.boot.actuate.metrics.web.servlet.WebMvcMetricsFilter.filterAndRecordMetrics(WebMvcMetricsFilter.java:117)
	at org.springframework.boot.actuate.metrics.web.servlet.WebMvcMetricsFilter.doFilterInternal(WebMvcMetricsFilter.java:106)
	at org.springframework.web.filter.OncePerRequestFilter.doFilter(OncePerRequestFilter.java:107)
	at org.eclipse.jetty.servlet.ServletHandler$CachedChain.doFilter(ServletHandler.java:1610)
	at org.springframework.web.filter.CharacterEncodingFilter.doFilterInternal(CharacterEncodingFilter.java:200)
	at org.springframework.web.filter.OncePerRequestFilter.doFilter(OncePerRequestFilter.java:107)
	at org.eclipse.jetty.servlet.ServletHandler$CachedChain.doFilter(ServletHandler.java:1610)
	at org.eclipse.jetty.servlet.ServletHandler.doHandle(ServletHandler.java:540)
	at org.eclipse.jetty.server.handler.ScopedHandler.handle(ScopedHandler.java:146)
	at org.eclipse.jetty.security.SecurityHandler.handle(SecurityHandler.java:548)
	at org.eclipse.jetty.server.handler.HandlerWrapper.handle(HandlerWrapper.java:132)
	at org.eclipse.jetty.server.handler.ScopedHandler.nextHandle(ScopedHandler.java:257)
	at org.eclipse.jetty.server.session.SessionHandler.doHandle(SessionHandler.java:1588)
	at org.eclipse.jetty.server.handler.ScopedHandler.nextHandle(ScopedHandler.java:255)
	at org.eclipse.jetty.server.handler.ContextHandler.doHandle(ContextHandler.java:1345)
	at org.eclipse.jetty.server.handler.ScopedHandler.nextScope(ScopedHandler.java:203)
	at org.eclipse.jetty.servlet.ServletHandler.doScope(ServletHandler.java:480)
	at org.eclipse.jetty.server.session.SessionHandler.doScope(SessionHandler.java:1557)
	at org.eclipse.jetty.server.handler.ScopedHandler.nextScope(ScopedHandler.java:201)
	at org.eclipse.jetty.server.handler.ContextHandler.doScope(ContextHandler.java:1247)
	at org.eclipse.jetty.server.handler.ScopedHandler.handle(ScopedHandler.java:144)
	at org.eclipse.jetty.server.handler.HandlerWrapper.handle(HandlerWrapper.java:132)
	at org.eclipse.jetty.server.Server.handle(Server.java:502)
	at org.eclipse.jetty.server.HttpChannel.handle(HttpChannel.java:364)
	at org.eclipse.jetty.server.HttpConnection.onFillable(HttpConnection.java:260)
	at org.eclipse.jetty.io.AbstractConnection$ReadCallback.succeeded(AbstractConnection.java:305)
	at org.eclipse.jetty.io.FillInterest.fillable(FillInterest.java:103)
	at org.eclipse.jetty.io.ChannelEndPoint$2.run(ChannelEndPoint.java:118)
	at org.eclipse.jetty.util.thread.QueuedThreadPool.runJob(QueuedThreadPool.java:765)
	at org.eclipse.jetty.util.thread.QueuedThreadPool$2.run(QueuedThreadPool.java:683)
	at java.lang.Thread.run(Thread.java:748)
Caused by: org.eclipse.jetty.io.EofException: null
	at org.eclipse.jetty.io.ChannelEndPoint.flush(ChannelEndPoint.java:285)
	at org.eclipse.jetty.io.WriteFlusher.flush(WriteFlusher.java:393)
	at org.eclipse.jetty.io.WriteFlusher.write(WriteFlusher.java:277)
	at org.eclipse.jetty.io.AbstractEndPoint.write(AbstractEndPoint.java:380)
	at org.eclipse.jetty.server.HttpConnection$SendCallback.process(HttpConnection.java:808)
	at org.eclipse.jetty.util.IteratingCallback.processing(IteratingCallback.java:241)
	at org.eclipse.jetty.util.IteratingCallback.iterate(IteratingCallback.java:224)
	at org.eclipse.jetty.server.HttpConnection.send(HttpConnection.java:538)
	at org.eclipse.jetty.server.HttpChannel.sendResponse(HttpChannel.java:841)
	at org.eclipse.jetty.server.HttpChannel.write(HttpChannel.java:891)
	at org.eclipse.jetty.server.HttpOutput.write(HttpOutput.java:240)
	at org.eclipse.jetty.server.HttpOutput.write(HttpOutput.java:216)
	at org.eclipse.jetty.server.HttpOutput.flush(HttpOutput.java:398)
	at org.eclipse.jetty.server.HttpWriter.flush(HttpWriter.java:56)
	at org.eclipse.jetty.server.ResponseWriter.flush(ResponseWriter.java:147)
	at java.io.PrintWriter.checkError(PrintWriter.java:357)
	at org.eclipse.jetty.server.ResponseWriter.checkError(ResponseWriter.java:102)
	at com.netflix.hystrix.contrib.sample.stream.HystrixSampleSseServlet.handleRequest(HystrixSampleSseServlet.java:165)
	... 57 common frames omitted
Caused by: java.io.IOException: 현재 연결은 사용자의 호스트 시스템의 소프트웨어의 의해 중단되었습니다
	at sun.nio.ch.SocketDispatcher.writev0(Native Method)
	at sun.nio.ch.SocketDispatcher.writev(SocketDispatcher.java:55)
	at sun.nio.ch.IOUtil.write(IOUtil.java:148)
	at sun.nio.ch.SocketChannelImpl.write(SocketChannelImpl.java:504)
	at org.eclipse.jetty.io.ChannelEndPoint.flush(ChannelEndPoint.java:265)
	... 74 common frames omitted
23:18:24.760 DEBUG Before request [uri=/actuator/hystrix.stream;headers=[Connection:"keep-alive", User-Agent:"Apache-HttpClient/4.5.6 (Java/1.8.0_152)", Host:"DESKTOP-GKHI4QK:8070"]]
23:20:17.253 ERROR Request execution error. endpoint=DefaultEndpoint{ serviceUrl='http://localhost:8761/eureka/}
com.sun.jersey.api.client.ClientHandlerException: org.apache.http.NoHttpResponseException: localhost:8761 failed to respond
	at com.sun.jersey.client.apache4.ApacheHttpClient4Handler.handle(ApacheHttpClient4Handler.java:187)
	at com.sun.jersey.api.client.filter.GZIPContentEncodingFilter.handle(GZIPContentEncodingFilter.java:123)
	at com.netflix.discovery.EurekaIdentityHeaderFilter.handle(EurekaIdentityHeaderFilter.java:27)
	at com.sun.jersey.api.client.Client.handle(Client.java:652)
	at com.sun.jersey.api.client.WebResource.handle(WebResource.java:682)
	at com.sun.jersey.api.client.WebResource.access$200(WebResource.java:74)
	at com.sun.jersey.api.client.WebResource$Builder.put(WebResource.java:529)
	at com.netflix.discovery.shared.transport.jersey.AbstractJerseyEurekaHttpClient.sendHeartBeat(AbstractJerseyEurekaHttpClient.java:102)
	at com.netflix.discovery.shared.transport.decorator.EurekaHttpClientDecorator$3.execute(EurekaHttpClientDecorator.java:92)
	at com.netflix.discovery.shared.transport.decorator.MetricsCollectingEurekaHttpClient.execute(MetricsCollectingEurekaHttpClient.java:73)
	at com.netflix.discovery.shared.transport.decorator.EurekaHttpClientDecorator.sendHeartBeat(EurekaHttpClientDecorator.java:89)
	at com.netflix.discovery.shared.transport.decorator.EurekaHttpClientDecorator$3.execute(EurekaHttpClientDecorator.java:92)
	at com.netflix.discovery.shared.transport.decorator.RedirectingEurekaHttpClient.execute(RedirectingEurekaHttpClient.java:89)
	at com.netflix.discovery.shared.transport.decorator.EurekaHttpClientDecorator.sendHeartBeat(EurekaHttpClientDecorator.java:89)
	at com.netflix.discovery.shared.transport.decorator.EurekaHttpClientDecorator$3.execute(EurekaHttpClientDecorator.java:92)
	at com.netflix.discovery.shared.transport.decorator.RetryableEurekaHttpClient.execute(RetryableEurekaHttpClient.java:120)
	at com.netflix.discovery.shared.transport.decorator.EurekaHttpClientDecorator.sendHeartBeat(EurekaHttpClientDecorator.java:89)
	at com.netflix.discovery.shared.transport.decorator.EurekaHttpClientDecorator$3.execute(EurekaHttpClientDecorator.java:92)
	at com.netflix.discovery.shared.transport.decorator.SessionedEurekaHttpClient.execute(SessionedEurekaHttpClient.java:77)
	at com.netflix.discovery.shared.transport.decorator.EurekaHttpClientDecorator.sendHeartBeat(EurekaHttpClientDecorator.java:89)
	at com.netflix.discovery.DiscoveryClient.renew(DiscoveryClient.java:846)
	at com.netflix.discovery.DiscoveryClient$HeartbeatThread.run(DiscoveryClient.java:1405)
	at java.util.concurrent.Executors$RunnableAdapter.call(Executors.java:511)
	at java.util.concurrent.FutureTask.run(FutureTask.java:266)
	at java.util.concurrent.ThreadPoolExecutor.runWorker(ThreadPoolExecutor.java:1149)
	at java.util.concurrent.ThreadPoolExecutor$Worker.run(ThreadPoolExecutor.java:624)
	at java.lang.Thread.run(Thread.java:748)
Caused by: org.apache.http.NoHttpResponseException: localhost:8761 failed to respond
	at org.apache.http.impl.conn.DefaultHttpResponseParser.parseHead(DefaultHttpResponseParser.java:141)
	at org.apache.http.impl.conn.DefaultHttpResponseParser.parseHead(DefaultHttpResponseParser.java:56)
	at org.apache.http.impl.io.AbstractMessageParser.parse(AbstractMessageParser.java:259)
	at org.apache.http.impl.AbstractHttpClientConnection.receiveResponseHeader(AbstractHttpClientConnection.java:286)
	at org.apache.http.impl.conn.DefaultClientConnection.receiveResponseHeader(DefaultClientConnection.java:257)
	at org.apache.http.impl.conn.AbstractClientConnAdapter.receiveResponseHeader(AbstractClientConnAdapter.java:230)
	at org.apache.http.protocol.HttpRequestExecutor.doReceiveResponse(HttpRequestExecutor.java:273)
	at org.apache.http.protocol.HttpRequestExecutor.execute(HttpRequestExecutor.java:125)
	at org.apache.http.impl.client.DefaultRequestDirector.tryExecute(DefaultRequestDirector.java:684)
	at org.apache.http.impl.client.DefaultRequestDirector.execute(DefaultRequestDirector.java:486)
	at org.apache.http.impl.client.AbstractHttpClient.doExecute(AbstractHttpClient.java:835)
	at org.apache.http.impl.client.CloseableHttpClient.execute(CloseableHttpClient.java:118)
	at org.apache.http.impl.client.CloseableHttpClient.execute(CloseableHttpClient.java:56)
	at com.sun.jersey.client.apache4.ApacheHttpClient4Handler.handle(ApacheHttpClient4Handler.java:173)
	... 26 common frames omitted
23:20:17.254 WARN  Request execution failed with message: org.apache.http.NoHttpResponseException: localhost:8761 failed to respond
23:20:17.259 INFO  Request execution succeeded on retry #1
23:22:16.728 INFO  Resolving eureka endpoints via configuration
